<?xml version="1.0" encoding="UTF-8"?>
<testsuite name="ResistorColorTest" tests="4" skipped="0" failures="0" errors="0" timestamp="2023-10-10T07:46:44" hostname="Parths-MacBook-Air.local" time="0.04">
  <properties/>
  <testcase name="testWhiteColorCode" classname="ResistorColorTest" time="0.035"/>
  <testcase name="testColors" classname="ResistorColorTest" time="0.005"/>
  <testcase name="testBlackColorCode" classname="ResistorColorTest" time="0.0"/>
  <testcase name="testOrangeColorCode" classname="ResistorColorTest" time="0.0"/>
  <system-out><![CDATA[]]></system-out>
  <system-err><![CDATA[]]></system-err>
</testsuite>
